After running magCalSliders.py

bias = [280, -5, -120]
scale = [1.0, 1.0, 1.0]

MPU set up:
	Accelerometer: 0x0 16384.0
	Gyroscope: 0x0 131.0

MAG set up:
	Magnetometer: 0x16 1.499

Magnetometer calibration. Wave and rotate device in a figure eight until notified.

89,-113,-117
86,-96,-120
87,-109,-123
97,-103,-127
82,-104,-122
91,-111,-125
93,-105,-119
86,-110,-122
88,-102,-122
90,-106,-116
86,-110,-134
87,-103,-117
92,-102,-124
84,-102,-124
86,-104,-124
84,-98,-126
86,-98,-128
85,-111,-127
85,-99,-123
91,-103,-129
88,-112,-120
87,-93,-125
85,-99,-125
87,-107,-125
86,-104,-124
90,-98,-128
90,-104,-126
88,-106,-122
84,-96,-128
81,-109,-125
94,-106,-118
95,-109,-127
88,-106,-128
96,-106,-124
95,-103,-123
90,-106,-128
87,-101,-121
89,-101,-124
87,-105,-125
90,-102,-120
90,-106,-126
91,-108,-118
81,-101,-125
93,-99,-119
91,-103,-119
91,-107,-123
92,-110,-124
85,-107,-119
83,-107,-125
93,-97,-129
84,-100,-118
91,-104,-120
99,-109,-121
87,-99,-125
87,-101,-123
89,-103,-133
86,-98,-122
83,-97,-126
83,-107,-125
93,-105,-127
87,-101,-129
89,-102,-116
78,-94,-118
82,-104,-126
91,-109,-123
93,-103,-127
90,-108,-122
86,-102,-127
91,-105,-129
91,-99,-117
90,-110,-122
88,-102,-122
92,-106,-116
88,-98,-124
93,-103,-127
89,-101,-121
93,-107,-125
92,-100,-126
89,-95,-121
87,-105,-119
87,-99,-119
86,-92,-122
91,-105,-126
86,-104,-130
87,-105,-129
85,-89,-125
94,-108,-126
84,-94,-122
78,-100,-124
92,-106,-132
85,-99,-121
89,-103,-125
82,-96,-122
84,-98,-126
88,-102,-124
86,-110,-116
83,-103,-119
88,-100,-126
100,-108,-126
84,-110,-122
94,-110,-124
86,-102,-120
85,-107,-135
85,-103,-129
90,-104,-126
90,-104,-122
87,-99,-123
85,-103,-127
94,-104,-122
88,-102,-124
80,-104,-120
91,-107,-131
96,-110,-120
92,-98,-130
85,-93,-131
88,-110,-126
85,-105,-127
87,-100,-126
90,-106,-126
95,-111,-125
83,-107,-119
89,-107,-125
88,-112,-126
84,-110,-126
96,-108,-124
98,-108,-124
96,-102,-126
95,-99,-111
84,-106,-120
84,-92,-120
90,-106,-122
86,-98,-122
94,-103,-129
90,-106,-130
81,-101,-121
83,-99,-115
84,-98,-128
85,-105,-123
89,-101,-127
89,-105,-125
91,-107,-133
93,-101,-117
91,-105,-127
92,-100,-119
102,-108,-110
84,-108,-138
93,-99,-137
94,-105,-119
85,-101,-119
79,-101,-125
91,-105,-127
88,-104,-128
94,-106,-120
90,-106,-122
92,-98,-112
88,-108,-124
91,-107,-119
96,-108,-118
102,-110,-122
86,-108,-130
84,-100,-120
91,-101,-125
80,-106,-122
88,-102,-122
86,-106,-118
86,-100,-124
79,-97,-125
86,-106,-116
92,-100,-126
91,-101,-125
89,-95,-127
90,-100,-132
89,-107,-125
91,-97,-125
82,-100,-124
89,-105,-129
93,-109,-109
101,-97,-131
86,-104,-122
88,-100,-132
94,-106,-126
91,-103,-125
91,-103,-123
91,-101,-127
83,-105,-125
88,-114,-128
91,-91,-117
98,-100,-126
88,-108,-126
93,-97,-123
84,-100,-122
92,-100,-128
86,-102,-118
92,-108,-122
85,-103,-121
92,-98,-128
85,-99,-121
87,-107,-121
85,-97,-123
90,-104,-122
88,-104,-116
76,-102,-126
86,-100,-126
87,-105,-124
84,-104,-124
87,-105,-131
85,-99,-117
88,-114,-118
85,-103,-123
86,-104,-124
85,-103,-119
89,-99,-129
92,-100,-124
89,-105,-115
94,-108,-126
97,-99,-121
86,-92,-118
92,-106,-122
88,-100,-128
85,-105,-123
89,-105,-129
82,-102,-118
87,-109,-115
86,-102,-126
95,-109,-121
96,-102,-124
84,-104,-120
90,-110,-118
83,-108,-120
87,-103,-127
85,-101,-129
91,-107,-131
91,-107,-119
87,-107,-119
91,-107,-121
86,-100,-124
92,-98,-124
85,-101,-125
86,-100,-126
86,-104,-126
88,-96,-118
88,-106,-126
90,-106,-122
94,-100,-122
84,-104,-124
89,-105,-117
79,-101,-127
85,-103,-119
86,-105,-131
88,-96,-122
92,-110,-124
86,-96,-118
79,-97,-135
87,-102,-134
93,-105,-123
82,-106,-134
84,-94,-120
87,-109,-131
91,-103,-127
97,-109,-125
89,-101,-127
84,-100,-130
94,-106,-124
85,-105,-123
88,-108,-120
91,-103,-119
90,-98,-124
87,-107,-123
83,-103,-123
88,-106,-124
94,-104,-122
96,-104,-130
92,-104,-132
89,-103,-129
89,-105,-125
90,-94,-134
92,-102,-120
87,-107,-127
91,-113,-125
88,-98,-128
87,-95,-127
81,-107,-119
84,-102,-118
91,-103,-123
95,-107,-129
93,-105,-127
84,-104,-124
88,-106,-116
91,-109,-121
95,-103,-133
95,-101,-125
87,-103,-129
98,-96,-128
87,-105,-137
98,-106,-122
84,-100,-128
98,-106,-120
95,-113,-123
94,-108,-134
93,-101,-119
89,-105,-125
87,-109,-127
89,-97,-119
90,-104,-130
80,-104,-122
89,-99,-121
93,-101,-123
85,-107,-117
92,-104,-120
94,-102,-128
92,-104,-120
83,-103,-131
87,-105,-117
85,-101,-121
98,-102,-124
87,-105,-131
85,-103,-127
95,-101,-120
92,-114,-116
93,-103,-119
85,-101,-123
92,-106,-130
91,-105,-127
93,-107,-131
93,-107,-117
80,-96,-124
85,-101,-123
89,-113,-123
91,-109,-125
95,-103,-127
91,-101,-123
91,-105,-119
89,-101,-121
90,-110,-120
90,-106,-122
92,-102,-124
87,-103,-127
87,-107,-127
84,-102,-126
92,-98,-122
85,-97,-121
88,-96,-122
85,-107,-121
82,-98,-128
81,-111,-127
80,-102,-130
84,-100,-120
91,-103,-123
82,-102,-126
85,-103,-121
88,-98,-128
88,-106,-124
83,-101,-131
83,-105,-121
92,-102,-120
94,-102,-134
91,-107,-125
87,-101,-127
82,-98,-126
87,-99,-129
89,-105,-127
81,-97,-119
91,-104,-132
95,-103,-123
87,-105,-123
86,-100,-132
87,-101,-123
95,-103,-121
94,-100,-124
82,-102,-124
84,-104,-132
95,-107,-125
87,-103,-123
94,-106,-122
86,-106,-122
90,-108,-124
91,-101,-117
90,-99,-123
93,-101,-122
81,-101,-127
83,-99,-121
91,-103,-129
91,-103,-121
93,-99,-129
93,-111,-125
82,-102,-124
84,-102,-122
89,-104,-132
82,-100,-124
89,-103,-115
88,-104,-122
93,-99,-119
91,-95,-125
87,-99,-131
90,-100,-122
99,-103,-125
91,-107,-129
97,-107,-119
93,-99,-121
97,-103,-129
86,-108,-128
86,-106,-126
99,-101,-127
77,-115,-123
92,-104,-118
87,-101,-131
92,-104,-126
87,-109,-117
95,-99,-117
87,-105,-125
92,-102,-114
87,-99,-133
86,-108,-120
90,-102,-126
82,-110,-130
83,-107,-127
86,-100,-124
82,-96,-124
96,-112,-120
89,-101,-121
83,-105,-129
87,-91,-123
89,-107,-125
83,-95,-127
91,-95,-129
86,-106,-126
93,-107,-131
88,-104,-118
82,-106,-134
91,-99,-131
87,-103,-133
91,-101,-121
85,-105,-131
92,-104,-141
94,-102,-130
90,-112,-120
91,-103,-125
86,-110,-128
93,-104,-128
92,-106,-120
82,-98,-120
87,-101,-119
86,-108,-126
87,-98,-122
89,-101,-127
89,-103,-127
85,-101,-127
88,-106,-130
88,-102,-114
84,-108,-121
88,-110,-130
97,-101,-129
94,-100,-128
90,-98,-124
85,-107,-121
90,-106,-122
86,-100,-122
89,-107,-131
87,-105,-119
87,-111,-119
83,-99,-129
84,-100,-122
92,-100,-128
90,-96,-122
89,-101,-127
81,-103,-127
93,-103,-125
94,-108,-120
91,-103,-123
93,-111,-123
84,-108,-124
88,-106,-128
88,-110,-126
90,-104,-126
90,-102,-118
88,-114,-116
93,-99,-125
89,-103,-121
83,-103,-123
86,-108,-122
80,-100,-122
88,-102,-118
86,-104,-126
89,-103,-117
90,-104,-128
95,-101,-133
84,-100,-120
97,-105,-127
90,-112,-122
86,-96,-122
88,-102,-122
83,-99,-125
87,-107,-121
91,-105,-121
90,-100,-122
93,-99,-121
96,-110,-122
84,-106,-124
92,-102,-126
91,-106,-118
92,-106,-120
92,-112,-128
89,-105,-121
91,-107,-115
95,-99,-119
93,-99,-119
89,-103,-121
89,-91,-125
96,-104,-134
98,-100,-124
87,-97,-131
86,-104,-132
90,-98,-126
82,-106,-120
88,-96,-128
89,-105,-119
92,-104,-126
91,-97,-131
82,-104,-124
79,-99,-121
88,-104,-124
91,-105,-123
94,-102,-132
87,-109,-127
82,-102,-120
85,-103,-125
85,-101,-129
88,-108,-122
86,-108,-124
90,-104,-122
87,-97,-125
80,-96,-122
93,-97,-121
90,-98,-128
92,-106,-124
88,-98,-132
84,-102,-132
85,-103,-121
92,-100,-124
83,-97,-123
90,-100,-126
91,-105,-123
94,-106,-124
92,-108,-120
89,-101,-121
85,-99,-118
85,-99,-125
91,-105,-121
84,-102,-112
88,-103,-129
93,-95,-124
90,-102,-120
93,-103,-123
87,-103,-123
82,-104,-126
83,-101,-126
93,-107,-121
95,-105,-119
93,-103,-129
90,-96,-128
88,-98,-129
91,-103,-123
84,-98,-126
88,-92,-128
85,-101,-123
88,-104,-130
84,-100,-120
96,-104,-118
80,-106,-124
81,-105,-123
91,-105,-123
91,-101,-123
90,-102,-124
91,-105,-129
85,-103,-133
90,-100,-120
87,-103,-131
82,-110,-120
86,-96,-122
84,-96,-124
92,-114,-124
90,-108,-125
95,-93,-125
89,-103,-129
90,-100,-120
91,-101,-123
90,-110,-130
86,-102,-124
84,-100,-128
82,-96,-126
90,-98,-124
85,-95,-127
89,-103,-123
92,-94,-126
77,-105,-123
84,-110,-126
84,-102,-126
92,-96,-132
90,-98,-124
84,-96,-126
87,-99,-127
86,-110,-130
87,-105,-127
84,-108,-128
85,-109,-127
90,-108,-134
94,-98,-130
84,-100,-125
83,-103,-125
92,-100,-126
90,-102,-120
82,-108,-128
92,-102,-124
86,-100,-120
85,-107,-129
92,-106,-126
90,-99,-125
94,-106,-124
88,-104,-128
87,-103,-121
84,-104,-122
89,-105,-123
91,-99,-123
92,-108,-120
91,-103,-125
86,-92,-132
88,-114,-120
95,-95,-125
86,-100,-126
79,-95,-129
86,-100,-128
89,-117,-127
92,-104,-126
84,-104,-118
89,-109,-133
76,-98,-116
89,-99,-131
93,-113,-129
97,-105,-121
89,-101,-115
87,-101,-131
81,-101,-129
93,-103,-117
91,-101,-127
92,-98,-122
87,-97,-125
93,-95,-125
92,-104,-124
86,-106,-122
84,-112,-126
85,-103,-119
93,-95,-119
91,-97,-123
85,-99,-119
86,-98,-114
92,-114,-124
92,-109,-125
93,-109,-125
86,-102,-116
94,-112,-124
96,-110,-128
86,-102,-120
82,-104,-122
95,-99,-125
93,-105,-119
86,-108,-128
82,-104,-128
87,-101,-129
80,-102,-126
94,-108,-124
88,-118,-136
82,-103,-131
91,-101,-123
77,-101,-131
93,-101,-125
92,-104,-124
90,-96,-128
93,-97,-123
85,-103,-119
89,-97,-123
90,-104,-128
87,-105,-121
93,-105,-123
86,-110,-118
85,-99,-123
83,-99,-129
92,-108,-132
91,-97,-129
92,-100,-132
93,-101,-131
89,-99,-125
88,-101,-119
84,-110,-120
90,-108,-122
89,-107,-125
85,-107,-123
82,-100,-118
89,-103,-121
91,-97,-123
90,-98,-120
86,-96,-124
85,-109,-117
84,-102,-130
91,-97,-117
87,-105,-129
84,-98,-118
91,-95,-121
88,-106,-121
84,-102,-128
96,-90,-130
90,-100,-124
86,-102,-128
83,-101,-131
92,-102,-132
89,-99,-119
88,-100,-122
90,-103,-123
87,-101,-120
84,-106,-118
91,-107,-125
94,-104,-122
88,-106,-126
92,-104,-114
86,-104,-128
84,-104,-120
89,-105,-123
89,-103,-115
88,-102,-120
88,-104,-124
88,-100,-122
95,-111,-119
82,-96,-124
81,-101,-125
88,-100,-118
86,-104,-116
89,-103,-117
89,-109,-115
89,-109,-119
97,-107,-127
89,-111,-113
98,-108,-114
94,-106,-110
96,-112,-120
91,-121,-105
98,-112,-112
91,-127,-109
105,-121,-109
100,-124,-100
114,-138,-96
128,-152,-94
150,-164,-94
165,-181,-91
185,-201,-95
212,-206,-90
244,-216,-86
257,-219,-73
282,-218,-74
275,-227,-73
283,-223,-87
290,-220,-72
271,-219,-79
254,-216,-84
248,-212,-92
215,-219,-87
185,-207,-89
152,-178,-98
131,-163,-95
100,-132,-102
90,-110,-92
65,-79,-103
56,-54,-106
53,-39,-111
54,-16,-108
51,9,-107
54,22,-110
61,41,-113
54,68,-110
75,77,-115
63,85,-105
74,102,-112
79,121,-113
99,135,-103
102,134,-106
100,136,-100
107,143,-95
105,153,-97
109,155,-79
114,153,-77
114,154,-84
118,146,-76
102,136,-80
94,114,-86
93,76,-106
73,61,-115
71,13,-129
70,-16,-138
70,-44,-148
83,-57,-147
81,-79,-145
88,-100,-148
110,-130,-140
140,-150,-140
150,-168,-124
175,-191,-121
199,-201,-117
225,-211,-109
242,-228,-108
265,-229,-109
286,-216,-104
306,-222,-118
315,-215,-105
307,-227,-111
324,-218,-110
319,-223,-115
312,-214,-110
314,-220,-114
289,-223,-115
292,-226,-120
255,-231,-109
246,-226,-112
221,-209,-113
164,-188,-118
163,-174,-110
132,-176,-113
115,-159,-113
100,-140,-118
86,-106,-108
82,-93,-109
70,-84,-112
63,-55,-109
51,-37,-95
60,-22,-112
53,3,-99
47,23,-101
51,31,-95
57,35,-107
52,50,-98
64,62,-110
69,65,-93
66,86,-96
70,86,-92
72,100,-82
89,115,-83
92,126,-86
100,136,-80
114,154,-84
115,145,-89
117,165,-87
124,158,-82
125,163,-85
123,155,-87
96,144,-92
96,107,-95
87,107,-92
81,45,-101
75,25,-109
64,-14,-100
70,-68,-124
84,-72,-121
99,-99,-127
118,-132,-124
132,-164,-118
160,-180,-126
189,-195,-115
219,-211,-111
234,-212,-104
255,-217,-109
281,-223,-107
308,-218,-102
331,-217,-99
364,-210,-92
379,-195,-91
401,-181,-93
413,-173,-89
426,-164,-88
436,-166,-92
445,-157,-95
437,-161,-95
437,-161,-97
437,-159,-101
437,-165,-113
438,-162,-108
425,-167,-115
415,-183,-125
358,-206,-122
321,-223,-127
284,-228,-128
248,-222,-132
247,-211,-137
210,-218,-140
182,-198,-148
152,-182,-140
128,-162,-144
112,-152,-144
95,-119,-147
80,-96,-135
65,-77,-143
60,-44,-132
69,-16,-132
53,1,-119
54,36,-122
62,34,-110
63,77,-99
75,103,-95
80,122,-98
107,145,-99
135,175,-95
162,188,-102
183,205,-99
206,214,-108
225,219,-101
256,224,-108
268,234,-114
282,232,-114
304,222,-122
323,217,-107
330,222,-110
350,212,-118
363,209,-125
370,204,-124
371,205,-119
352,216,-118
295,229,-131
253,225,-139
219,215,-137
184,194,-144
162,184,-144
162,184,-149
133,153,-143
121,143,-147
97,115,-145
76,84,-136
78,72,-138
73,25,-135
68,-32,-138
83,-87,-127
115,-127,-119
145,-163,-123
167,-191,-113
206,-206,-114
237,-219,-117
269,-211,-113
314,-222,-110
347,-213,-99
393,-187,-105
415,-175,-103
438,-150,-102
457,-129,-113
465,-119,-125
476,-106,-120
482,-110,-124
482,-102,-124
476,-110,-126
465,-127,-125
453,-137,-133
428,-160,-136
414,-194,-146
394,-200,-158
342,-208,-150
298,-222,-156
276,-218,-162
244,-222,-158
244,-220,-162
184,-200,-160
157,-191,-161
126,-160,-154
95,-117,-159
77,-85,-155
70,-58,-158
56,-12,-144
54,22,-132
56,52,-126
59,94,-124
64,98,-114
82,118,-114
119,163,-99
147,185,-109
159,201,-97
170,202,-106
200,214,-96
233,231,-97
247,229,-99
281,234,-104
305,229,-117
326,214,-122
346,212,-126
364,196,-128
371,202,-146
380,196,-136
388,198,-148
388,194,-136
369,201,-141
351,209,-137
322,212,-137
255,219,-153
212,206,-162
175,173,-181
137,149,-179
118,122,-176
94,86,-178
82,58,-176
83,13,-173
76,-16,-180
91,-63,-167
104,-100,-162
126,-128,-150
162,-174,-142
181,-183,-141
219,-195,-133
268,-226,-124
296,-224,-118
339,-219,-113
375,-195,-109
404,-180,-92
436,-156,-74
446,-142,-82
455,-137,-91
468,-116,-96
475,-97,-107
479,-89,-105
486,-86,-96
483,-67,-105
488,-76,-106
482,-72,-105
492,-76,-108
478,-88,-110
479,-111,-103
451,-141,-109
451,-141,-112
391,-201,-133
357,-215,-141
324,-222,-152
299,-225,-161
301,-231,-158
262,-232,-166
229,-223,-169
189,-215,-177
157,-201,-169
133,-173,-167
93,-141,-161
85,-111,-153
79,-99,-147
79,-87,-133
67,-75,-125
67,-71,-109
63,-71,-105
67,-63,-91
68,-62,-98
77,-69,-99
85,-79,-103
82,-78,-118
95,-77,-123
90,-84,-132
92,-84,-156
89,-89,-171
103,-79,-187
99,-89,-187
102,-78,-182
106,-70,-204
113,-79,-211
120,-86,-220
122,-78,-220
118,-88,-224
119,-99,-221
104,-98,-204
93,-97,-179
89,-101,-161
91,-95,-139
85,-93,-121
84,-92,-94
81,-89,-73
83,-93,-55
100,-100,-42
104,-85,-7
115,-89,255
120,-88,18
133,-77,37
150,-64,58
143,-66,62
138,-60,72
155,-51,83
164,-46,88
165,-41,95
167,-43,97
165,-45,95
160,-44,90
157,-53,83
144,-54,68
128,-51,47
114,-58,36
99,-65,-3
80,-76,-36
85,-79,-61
75,-86,-86
82,-86,-100
87,-87,-117
84,-86,-136
82,-86,-142
82,-83,-177
93,-75,-171
95,-81,-179
103,-75,-197
109,-77,-219
122,-70,-234
137,-77,-251
153,-77,-271
166,-80,-284
194,-86,-304
215,-91,-311
223,-93,-307
240,-82,-310
252,-98,-310
266,-88,-322
268,-85,-327
271,-81,-327
289,-81,-319
301,-83,-327
309,-75,-311
315,-87,-313
320,-84,-309
319,-85,-301
327,-87,-309
324,-90,-304
317,-87,-305
305,-77,-313
306,-86,-308
276,-72,-310
242,-72,-308
207,-72,-298
198,-68,-286
169,-69,-275
154,-56,-248
135,-55,-241
119,-61,-209
120,-64,-193
101,-55,-185
92,-54,-154
86,-54,-132
85,-47,-107
72,-56,-86
77,-41,-47
86,-48,-24
90,-48,-4
100,-50,30
117,-57,33
128,-54,54
135,-53,69
146,-54,76
158,-48,90
158,-48,88
168,-60,88
165,-69,81
174,-74,72
170,-90,64
162,-94,54
160,-98,50
145,-105,49
153,-105,47
161,-103,49
165,-105,47
153,-103,63
152,-106,74
155,-95,71
145,-99,55
142,-96,34
129,-99,21
119,-97,-3
99,-99,-23
93,-97,-55
93,-103,-78
89,-105,-85
99,-113,-129
103,-105,-167
104,-106,-200
126,-88,-226
150,-86,-268
172,-86,-294
193,-69,-301
218,-72,-320
218,-81,-333
257,-81,-333
290,-82,-326
315,-85,-325
325,-89,-305
348,-84,-302
362,-88,-302
372,-86,-281
372,-84,-276
379,-83,-287
379,-83,-275
381,-91,-263
389,-89,-273
389,-89,-269
393,-89,-259
397,-91,-259
395,-97,-251
407,-91,-249
402,-78,-264
395,-81,-255
382,-74,-268
378,-70,-276
364,-62,-292
344,-66,-304
303,-71,-313
275,-57,-305
238,-52,-296
196,-50,-288
196,-50,-288
174,-48,-274
145,-51,-267
127,-55,-247
110,-52,-228
98,-48,-214
81,-61,-173
74,-60,-166
68,-60,-142
61,-57,-125
64,-44,-80
66,-44,-54
83,-61,-39
85,-49,-27
93,-33,1
104,-34,26
116,-28,46
115,-37,47
135,-46,58
147,-49,59
153,-55,61
163,-71,63
166,-88,54
165,-87,55
173,-99,59
176,-106,60
178,-114,60
172,-122,54
176,-112,62
177,-109,59
177,-101,49
167,-113,41
161,-115,51
146,-113,41
141,-109,29
138,-110,24
128,-114,4
112,-116,-16
118,-102,-18
89,-103,-47
94,-108,-80
92,-110,-114
94,-108,-122
110,-110,-160
114,-102,-196
125,-99,-215
165,-91,-259
187,-93,-287
192,-89,-311
250,-96,-320
288,-110,-320
309,-125,-313
346,-120,-308
364,-126,-284
373,-111,-275
402,-104,-268
406,-106,-248
409,-107,-255
410,-105,-249
421,-105,-245
409,-103,-243
424,-98,-240
430,-98,-226
430,-94,-224
427,-93,-227
431,-89,-229
424,-88,-226
417,-91,-235
410,-88,-242
396,-84,-270
383,-87,-283
368,-86,-302
323,-99,-309
282,-98,-318
256,-104,-316
227,-79,-295
198,-82,-300
171,-83,-283
137,-65,-259
135,-73,-251
111,-67,-253
103,-65,-215
92,-60,-214
76,-60,-184
74,-54,-152
72,-52,-136
65,-43,-115
65,-35,-75
73,-37,-33
83,-27,-5
87,-25,15
113,-9,33
126,-26,46
128,-34,58
131,-31,53
138,-46,64
142,-54,64
148,-64,54
148,-70,52
142,-84,40
139,-85,47
139,-81,41
138,-84,36
135,-93,39
117,-89,18
116,-82,8
99,-93,-9
90,-104,-22
88,-106,-44
98,-112,-56
97,-109,-85
91,-107,-111
107,-117,-131
116,-112,-156
113,-105,-173
115,-115,-183
114,-106,-180
114,-114,-182
102,-112,-166
91,-107,-164
90,-116,-150
85,-119,-147
90,-118,-106
93,-119,-95
84,-102,-70
78,-56,-66
77,-61,-43
77,-47,-45
76,-38,-42
79,-39,-22
81,-17,-35
82,-18,-32
74,-20,-42
74,2,-44
76,4,-50
69,1,-35
72,-8,-42
73,-3,-49
76,-14,-38
76,-33,-51
79,-33,-51
76,-38,-70
74,-44,-74
86,-56,-86
69,-57,-105
77,-53,-107
75,-51,-105
87,-53,-123
77,-49,-131
86,-41,-133
91,-63,-137
80,-62,-148
90,-64,-140
99,-63,-155
93,-69,-163
90,-78,-156
95,-73,-163
95,-67,-179
92,-76,-174
91,-87,-187
93,-73,-193
96,-84,-188
95,-91,-189
105,-99,-197
105,-113,-203
95,-113,-203
92,-124,-178
92,-134,-162
99,-147,-137
102,-138,-124
105,-133,-95
95,-125,-83
91,-135,-79
84,-100,-76
86,-87,-51
80,-86,-40
81,-51,-33
76,-36,-30
78,-40,-18
81,-33,-21
75,-13,-27
72,-14,-28
77,-19,-11
80,-6,-20
85,1,-19
78,8,-22
74,2,-16
79,11,-17
84,16,-22
76,8,-20
79,-1,-29
69,-5,-31
77,-19,-39
78,-10,-42
83,-22,-38
80,-26,-42
62,-2,-48
68,-16,-60
71,-7,-59
70,-11,-57
80,-4,-58
71,-23,-65
65,-39,-77
77,-31,-77
81,-33,-77
78,-44,-82
85,-53,-93
86,-52,-96
79,-45,-83
78,-59,-95
83,-63,-98
79,-37,-91
90,-42,-80
84,-56,-94
96,-52,-94
104,-54,-119
97,-55,-123
97,-63,-125
88,-56,-142
92,-58,-150
98,-64,-160
99,-55,-161
106,-68,-176
112,-64,-180
101,-65,-181
96,-72,-166
108,-90,-178
115,-127,-167
114,-138,-158
119,-149,-147
115,-153,-139
120,-152,-126
120,-158,-110
100,-136,-102
92,-122,-100
84,-120,-83
78,-104,-74
70,-86,-68
66,-60,-64
63,-29,-55
69,-13,-45
66,2,-54
59,23,-59
67,35,-51
77,69,-35
78,88,-62
80,92,-108
76,90,-116
66,72,-130
82,88,-124
75,93,-123
78,80,-122
71,81,-121
81,93,-105
79,81,-101
78,69,-89
78,70,-76
71,63,-63
83,55,-45
75,65,-49
91,61,-31
85,55,-51
82,58,-52
82,36,-50
77,43,-55
72,29,-71
65,15,-54
70,-6,-60
70,-64,-94
78,-72,-80
75,-75,-55
100,-98,-66
104,-102,-62
102,-114,-72
103,-125,-91
111,-132,-114
110,-116,-118
110,-126,-146
118,-138,-162
129,-137,-157
125,-133,-191
130,-126,-190
131,-121,-199
129,-133,-199
122,-110,-204
106,-96,-204
97,-101,-201
97,-101,-198
106,-118,-200
112,-128,-184
115,-129,-195
123,-135,-199
106,-146,-198
87,-131,-201
90,-124,-194
74,-124,-182
61,-111,-171
61,-95,-189
51,-97,-171
51,-97,-171
45,-89,-177
49,-95,-161
51,-87,-119
68,-90,-96
62,-78,-82
80,-82,-58
74,-80,-60
72,-60,-54
60,-40,-50
62,-20,-68
56,10,-80
58,8,-96
52,14,-114
55,21,-133
61,43,-157
58,42,-151
70,56,-158
71,63,-153
71,79,-149
76,82,-132
74,86,-132
78,86,-116
76,94,-112
84,98,-102
81,101,-109
77,85,-109
72,78,-110
75,73,-111
73,65,-107
85,75,-113
79,69,-115
68,66,-118
69,61,-99
72,56,-84
77,51,-71
77,39,-55
71,41,-65
72,32,-62
69,13,-79
63,-1,-99
57,-27,-125
76,-40,-116
79,-51,-95
73,-75,-95
61,-51,-79
58,-40,-84
66,-64,-102
78,-88,-94
67,-95,-113
97,-103,-143
99,-115,-159
106,-114,-160
106,-116,-166
117,-111,-175
120,-124,-196
121,-127,-203
130,-132,-202
137,-137,-205
133,-133,-205
140,-140,-198
135,-153,-197
125,-153,-175
128,-166,-154
117,-167,-159
102,-154,-148
100,-140,-142
100,-148,-144
93,-139,-121
79,-111,-97
90,-114,-62
103,-99,-21
98,-90,-28
92,-78,-26
85,-61,-35
78,-52,-32
71,-31,-41
58,12,-42
62,30,-62
68,50,-76
60,58,-102
63,77,-115
62,78,-114
67,85,-113
76,88,-130
82,88,-144
83,92,-144
75,95,-151
77,95,-151
82,86,-138
82,82,-142
75,89,-143
76,86,-128
87,97,-85
90,82,-96
77,87,-93
85,81,-61
85,79,-69
79,81,-57
83,67,-65
78,54,-54
76,42,-42
65,31,-52
60,24,-52
67,-27,-59
63,-59,-85
70,-54,-104
73,-73,-111
73,-75,-111
73,-91,-127
87,-95,-123
85,-109,-127
100,-120,-132
102,-136,-148
113,-135,-155
119,-153,-155
121,-153,-165
120,-150,-162
135,-161,-169
138,-164,-174
151,-159,-177
145,-168,-192
150,-168,-195
152,-164,-190
143,-161,-189
140,-162,-168
115,-155,-149
100,-144,-137
87,-115,-123
82,-106,-90
69,-73,-87
67,-75,-81
68,-60,-59
65,-43,-59
60,-36,-62
64,-44,-48
66,-12,-32
70,12,-54
68,44,-72
70,72,-104
66,76,-112
78,106,-122
92,122,-118
93,123,-141
93,111,-155
88,116,-156
86,100,-172
84,100,-180
90,88,-188
84,90,-176
92,94,-170
93,111,-155
92,108,-166
104,124,-122
106,126,-82
100,108,-66
83,101,-61
103,89,-33
93,79,-27
87,71,-37
90,58,-24
87,25,-5
87,27,-22
73,11,-29
62,0,-40
62,-26,-76
53,-29,-89
65,-33,-113
66,-36,-114
64,-56,-122
81,-75,-153
89,-93,-163
102,-100,-185
95,-111,-185
119,-115,-197
115,-109,-193
122,-126,-208
133,-129,-207
133,-131,-205
136,-134,-218
142,-144,-202
148,-152,-186
147,-163,-171
142,-172,-152
130,-166,-128
128,-168,-132
130,-166,-104
121,-157,-75
108,-134,-60
109,-137,-53
90,-130,-72
80,-110,-82
69,-96,-84
64,-90,-82
65,-75,-69
66,-6,-48
68,6,-44
75,10,-42
61,31,-45
70,40,-58
62,60,-92
78,86,-112
71,77,-131
73,83,-139
80,82,-140
72,78,-152
79,77,-149
67,69,-139
78,64,-144
62,66,-148
68,56,-142
70,66,-150
69,57,-157
73,55,-171
70,56,-172
88,82,-158
74,76,-154
84,92,-132
88,100,-116
87,89,-99
80,84,-88
79,77,-61
80,62,-56
73,39,-57
74,20,-26
75,17,-15
76,18,-12
69,-5,-37
67,-31,-55
59,-15,-83
63,-21,-135
58,-32,-142
61,-33,-143
72,-46,-142
76,-64,-144
70,-62,-140
66,-26,-132
63,-10,-146
72,-14,-148
64,-26,-164
65,-15,-163
68,-22,-160
74,-4,-172
70,-4,-181
80,-2,-184
79,1,-197
78,12,-198
83,10,-206
73,15,-196
86,30,-194
79,19,-199
69,15,-191
78,12,-194
84,18,-202
82,22,-200
84,14,-198
83,13,-203
76,-4,-204
81,-11,-203
77,-3,-199
79,-13,-199
81,-3,-201
78,4,-200
80,4,-208
76,0,-196
84,-4,-198
86,-4,-214
93,7,-213
87,-1,-207
90,4,-218
97,1,-225
85,-5,-217
97,5,-217
90,12,-218
97,13,-225
97,47,-211
101,53,-215
91,39,-207
96,34,-212
91,23,-181
77,-17,-167
77,1,-197
77,1,-197
88,-8,-222
97,1,-223
104,2,-228
104,-254,-240
119,-7,-249
125,-9,-263
132,-14,-266
138,-22,-268
144,-22,-278
156,-32,-278
158,-24,-286
169,-41,-287
174,-42,-288
187,-61,-289
183,-63,-285
199,-63,-297
200,-72,-296
195,-79,-289
193,-69,-279
176,-62,-270
165,-65,-257
138,-64,-246
93,-37,-209
79,-21,-179
79,-6,-136
57,-3,-123
56,4,-74
65,23,-55
65,33,-19
70,35,3
79,35,3
92,42,24
112,40,50
139,33,61
144,31,73
145,31,73
166,34,76
176,34,90
196,42,92
208,39,103
210,36,102
214,32,104
225,43,109
225,53,103
203,55,105
203,55,105
176,68,88
156,74,66
130,62,42
114,72,12
108,72,-39
65,63,-57
70,44,-112
73,31,-151
73,3,-207
98,4,-214
120,-10,-264
156,-36,-282
188,-62,-306
188,-73,-309
229,-71,-311
254,-76,-322
284,-72,-322
303,-75,-331
296,-72,-324
316,-54,-322
294,-62,-326
254,-50,-328
186,-40,-306
169,-41,-291
102,-10,-226
75,3,-169
62,20,-138
65,21,-129
60,40,-86
57,47,-67
61,49,-43
75,57,-23
72,52,-16
79,51,17
103,51,47
114,50,62
133,45,59
143,49,63
150,54,68
162,44,78
177,43,91
176,30,78
192,46,90
193,33,93
196,42,107
195,33,107
197,35,95
207,33,97
177,62,84
176,62,64
149,87,57
114,96,2
94,94,-24
94,93,-57
78,90,-72
74,74,-112
74,62,-158
88,38,-204
88,8,-228
114,14,-238
171,-7,-293
217,-39,-309
235,-41,-323
235,-52,-318
263,-51,-327
299,-59,-333
332,-76,-322
365,-75,-311
406,-52,-290
429,-51,-269
437,-41,-269
462,-32,-248
476,-18,-234
481,-17,-209
498,-12,-188
492,-14,-174
490,-10,-158
498,8,-152
493,-5,-129
492,-4,-109
489,5,-109
492,4,-98
489,9,-87
492,12,-74
485,25,-62
489,23,-55
484,20,-62
487,29,-49
486,28,-50
489,19,-47
488,16,-60
487,9,-61
482,8,-60
490,-8,-90
494,-10,-106
484,-20,-134
488,-26,-174
484,-32,-174
462,-18,-226
438,-10,-252
408,-16,-290
378,-8,-310
367,-13,-313
315,1,-329
271,5,-337
226,8,-334
208,16,-318
188,24,-316
132,34,-280
102,40,-238
81,49,-195
58,54,-148
69,59,-141
68,58,-62
83,53,-15
100,44,32
121,35,59
163,33,89
173,33,93
214,40,108
259,51,115
299,51,107
337,63,105
345,61,103
374,74,88
401,75,69
416,76,52
427,85,45
431,91,37
443,93,7
440,94,-2
437,85,-11
441,97,-23
437,101,-29
431,105,-29
420,108,-2
392,106,14
361,129,17
326,136,32
331,143,45
285,143,43
228,138,46
185,121,49
128,114,10
105,95,-21
98,90,-24
74,66,-52
59,43,-125
70,20,-170
88,-2,-222
116,-16,-262
148,-34,-284
150,-28,-282
185,-53,-295
203,-45,-311
244,-52,-326
284,-60,-326
313,-47,-335
325,-49,-333
339,-43,-323
368,-36,-310
359,-23,-317
331,-17,-313
301,11,-299
266,38,-278
266,42,-278
216,34,-276
173,33,-291
131,31,-249
86,40,-214
68,46,-170
54,44,-120
63,57,-107
68,60,-56
74,54,-16
100,52,30
119,59,51
156,50,78
167,57,91
212,54,102
248,46,98
291,51,97
313,55,99
345,47,95
351,49,93
372,44,78
396,36,56
405,49,51
437,65,27
437,81,3
452,88,0
453,83,-5
456,94,-30
462,94,-40
467,97,-51
469,97,-47
473,97,-53
463,95,-59
461,97,-65
459,99,-55
451,109,-55
444,120,-29
419,133,-31
404,144,-14
351,155,1
286,172,24
253,173,14
242,182,14
199,163,17
153,143,5
127,127,-15
102,108,-37
84,86,-54
67,73,-67
57,53,-103
63,19,-153
77,-13,-191
105,-51,-221
126,-54,-254
172,-46,-294
188,-50,-314
232,-58,-322
255,-67,-319
278,-70,-320
290,-68,-320
300,-66,-318
300,-66,-323
287,-61,-317
266,-42,-322
245,-31,-317
197,-25,-295
197,231,-277
164,2,-276
107,19,-239
79,49,-187
70,62,-130
70,62,-68
67,73,-63
70,78,-32
89,75,5
109,71,37
125,77,47
135,73,59
167,77,81
184,66,96
206,70,92
218,62,112
243,65,103
278,79,99
271,79,99
293,69,99
311,55,93
341,49,93
334,56,84
348,50,84
359,53,81
360,50,76
371,53,79
375,63,71
380,80,62
380,80,55
382,96,52
386,110,38
383,115,35
390,126,24
380,136,28
369,139,25
372,142,18
363,153,15
368,150,8
348,164,4
342,174,-6
337,183,-21
325,191,-29
330,190,-22
313,195,-19
315,185,-21
287,199,-25
267,207,-49
263,201,-47
243,213,-67
235,215,-99
215,207,-129
215,207,-161
201,205,-163
188,180,-200
174,170,-220
156,148,-228
154,148,-234
140,114,-252
130,72,-262
113,49,-263
113,49,-266
112,8,-266
114,-36,-260
145,-77,-255
151,-99,-255
158,-117,-243
170,-118,-238
218,-142,-250
248,-158,-264
261,-163,-257
261,-181,-247
278,-170,-242
281,-185,-245
256,-186,-244
210,-158,-268
188,-144,-284
184,-148,-282
152,-92,-296
143,-23,-313
132,28,-308
130,76,-289
137,91,-289
137,151,-201
155,181,-149
174,196,-102
225,197,-17
260,200,5
277,187,5
310,156,38
345,141,39
374,104,54
384,90,56
406,80,48
408,60,44
405,63,51
427,49,43
431,23,39
439,13,35
444,22,22
457,27,21
466,18,14
472,20,2
466,34,0
467,53,-7
463,75,-35
475,75,-41
457,123,-77
433,155,-105
412,180,-116
375,193,-133
347,203,-151
347,203,-150
301,213,-159
291,215,-171
267,209,-195
232,186,-234
220,166,-256
200,132,-282
184,98,-290
187,81,-297
166,28,-296
134,-4,-286
128,-36,-272
135,-59,-249
141,-89,-229
135,-91,-219
175,-115,-229
188,-126,-224
234,-146,-246
260,-130,-274
255,-139,-271
269,-135,-265
283,-151,-261
292,-158,-262
307,-157,-265
308,-188,-254
307,-179,-245
307,-201,-225
299,-205,-233
303,-207,-235
290,-200,-218
287,-198,-238
263,-189,-243
233,-181,-269
200,-132,-290
182,-102,-306
182,-67,-319
165,-47,-313
155,3,-319
156,80,-298
174,152,-234
179,193,-175
179,193,-175
223,217,-99
260,226,-52
307,219,-19
326,184,12
373,155,37
389,135,35
410,110,32
426,80,38
430,62,32
438,62,32
446,50,18
446,38,24
440,26,16
440,31,13
447,29,9
439,45,5
412,82,2
363,137,-3
363,186,-32
308,190,-42
257,221,-93
223,213,-137
199,201,-165
194,184,-204
184,172,-230
167,131,-259
165,87,-283
156,52,-290
154,5,-293
145,-3,-281
162,-60,-274
178,-100,-268
209,-125,-259
231,-144,-266
250,-140,-274
261,-157,-271
286,-168,-268
285,-177,-247
291,-176,-238
292,-176,-233
298,-196,-234
300,-196,-238
284,-196,-246
257,-183,-261
237,-171,-265
219,-157,-277
191,-147,-293
190,-134,-288
167,-89,-295
139,-53,-305
129,-21,-295
124,32,-298
128,80,-280
127,128,-242
137,137,-235
147,185,-179
172,200,-136
207,213,-85
229,219,-33
225,219,0
266,198,12
292,176,38
339,145,59
372,116,74
389,89,70
394,82,78
413,59,63
413,43,41
429,31,35
432,40,24
425,41,17
433,39,25
436,38,28
442,60,28
423,75,33
423,97,25
399,107,33
369,133,41
352,134,32
311,165,31
244,196,0
188,186,-52
135,171,-89
108,142,-142
111,133,-149
89,73,-207
100,30,-228
130,-26,-258
155,-73,-267
162,-78,-268
190,-112,-274
223,-127,-285
243,-135,-281
248,-156,-270
248,-156,-262
261,-163,-263
257,-171,-267
259,-183,-261
251,-179,-257
237,-183,-263
235,-179,-263
212,-162,-286
191,-137,-289
163,-81,-311
157,-61,-301
149,-47,-301
113,-3,-277
95,51,-233
73,85,-173
80,114,-140
91,131,-105
111,143,-57
133,141,-29
146,158,-14
189,147,37
221,139,61
258,138,72
292,136,62
333,127,61
333,127,65
372,118,58
404,106,42
431,103,23
458,88,-6
471,81,-27
471,93,-67
482,96,-94
475,99,-99
477,107,-97
463,115,-97
467,127,-91
457,131,-95
453,129,-89
434,156,-84
434,169,-97
418,174,-96
398,188,-108
378,206,-116
345,203,-129
319,213,-141
295,211,-161
264,208,-186
223,195,-197
181,171,-207
165,163,-209
151,147,-223
161,97,-267
189,69,-293
183,27,-305
210,-16,-324
228,-48,-318
227,-57,-317
231,-91,-303
250,-120,-304
274,-128,-302
284,-136,-290
308,-148,-296
320,-142,-288
315,-129,-301
308,-130,-296
276,-96,-324
223,-55,-337
190,-18,-324
165,13,-307
165,40,-286
129,53,-279
118,82,-244
111,107,-211
104,128,-190
110,142,-164
124,150,-150
116,162,-120
125,165,-91
162,184,-40
185,189,-11
191,189,-11
240,188,34
286,172,48
330,160,54
353,141,59
381,127,57
396,124,48
414,104,40
425,99,35
447,91,23
448,77,11
450,70,4
459,63,-3
474,56,-24
459,59,-25
465,59,-27
466,74,-26
463,89,-31
449,97,-35
420,140,-34
405,151,-37
359,189,-45
301,217,-83
245,229,-123
245,229,-123
204,210,-156
183,181,-183
146,156,-200
125,117,-223
106,78,-232
93,85,-229
97,33,-241
105,-19,-249
117,-45,-259
144,-80,-256
142,-92,-260
186,-124,-264
208,-146,-256
248,-150,-262
267,-161,-263
272,-164,-258
276,-172,-252
272,-166,-254
245,-163,-269
192,-134,-274
159,-101,-273
109,-53,-259
94,-12,-242
69,41,-197
68,80,-144
74,86,-138
99,129,-61
121,141,-27
149,145,15
192,140,50
217,135,65
219,135,85
254,112,80
281,97,89
290,90,94
332,86,92
344,72,90
358,74,72
377,69,77
403,67,71
407,74,56
430,80,50
436,88,32
430,98,26
422,124,12
397,161,-13
365,179,-26
334,208,-48
292,220,-72
288,232,-78
270,226,-92
250,220,-102
234,222,-128
218,206,-150
188,198,-168
171,173,-199
162,164,-219
153,131,-231
146,78,-268
142,48,-286
134,10,-278
145,-5,-281
171,-49,-285
199,-71,-289
197,-85,-297
216,-110,-292
244,-124,-284
241,-139,-283
244,-144,-262
226,-128,-276
200,-94,-288
164,-58,-273
151,-41,-273
110,30,-242
98,86,-198
102,120,-154
110,150,-122
124,162,-90
151,175,-59
168,182,-32
190,182,-4
185,187,-3
215,171,19
249,155,57
266,132,80
286,112,94
299,102,94
306,102,94
329,71,97
340,60,98
363,65,95
371,52,76
391,47,69
404,42,78
416,42,62
422,44,40
430,48,42
430,48,34
452,58,22
441,61,9
440,70,4
443,92,-8
438,96,-16
430,102,-16
411,135,-21
365,159,-27
311,191,-49
283,207,-63
247,213,-81
209,205,-101
204,208,-106
169,201,-139
145,183,-167
113,141,-197
108,100,-226
105,61,-243
112,36,-258
108,36,-270
112,-4,-270
117,-35,-273
133,-65,-273
149,-85,-285
195,-117,-285
226,-146,-272
244,-152,-260
261,-169,-253
256,-178,-244
267,-189,-223
265,-207,-209
261,-207,-207
258,-216,-190
267,-223,-185
260,-226,-168
244,-222,-158
223,-217,-163
216,-210,-166
167,-177,-211
132,-136,-226
111,-85,-241
90,-60,-222
77,-25,-209
70,-4,-198
70,252,-179
64,2,-182
60,10,-164
59,11,-133
55,15,-99
57,21,-85
59,15,-71
66,0,-42
78,6,-12
96,16,34
117,17,64
126,16,64
166,32,98
206,52,106
233,69,121
283,81,111
318,84,102
355,81,85
375,101,67
389,103,59
396,110,48
408,110,24
413,119,13
418,140,-14
413,149,-25
414,166,-56
404,172,-62
376,186,-74
336,206,-82
290,222,-90
267,217,-101
231,213,-103
201,205,-123
170,190,-138
143,171,-155
118,136,-180
99,101,-187
87,67,-195
79,15,-201
89,-9,-201
100,-16,-210
105,-47,-209
127,-49,-251
157,-67,-273
171,-77,-283
179,-99,-283
199,-113,-285
207,-117,-277
223,-125,-287
238,-120,-296
238,-83,-311
224,-80,-304
202,-66,-302
171,-51,-309
159,-29,-297
130,-12,-292
103,25,-261
96,60,-238
98,70,-208
84,98,-176
97,104,-156
97,121,-120
94,134,-124
107,143,-79
126,150,-32
160,168,12
208,164,44
233,143,67
276,150,78
308,134,90
331,121,91
349,94,90
362,104,84
380,96,80
393,81,83
398,82,72
415,69,57
421,75,61
417,75,43
420,82,42
423,93,31
423,114,18
396,114,18
380,140,20
339,181,-5
308,200,-30
274,212,-64
239,215,-111
211,203,-125
183,195,-149
156,180,-184
163,150,-204
145,145,-217
129,115,-229
116,66,-252
100,10,-258
119,-31,-263
125,-59,-253
130,-82,-252
151,-101,-257
177,-121,-267
184,-142,-252
196,-156,-258
217,-163,-251
239,-163,-255
255,-175,-247
274,-168,-246
263,-165,-245
260,-154,-252
238,-150,-264
236,-146,-258
212,-116,-278
179,-89,-271
146,-40,-262
104,10,-234
84,62,-190
87,83,-171
94,124,-134
95,129,-123
111,159,-87
143,167,-31
176,176,-8
181,177,13
185,177,13
211,169,31
235,177,45
264,180,62
281,161,65
290,142,82
292,94,98
317,83,113
321,49,113
308,46,112
325,29,105
317,5,99
314,-20,102
317,-19,99
329,-17,97
327,-25,105
336,-22,108
333,-35,105
349,-35,93
355,-31,93
379,-29,75
379,-29,75
393,-1,67
413,19,69
412,62,54
412,82,38
404,98,20
396,126,6
405,131,5
377,161,-23
344,192,-36
294,222,-74
268,221,-99
204,220,-122
185,205,-159
177,197,-165
150,168,-200
141,137,-215
118,100,-234
115,83,-241
104,76,-250
107,45,-251
103,13,-247
106,-20,-246
109,-57,-247
129,-81,-245
129,-81,-245
141,-95,-257
152,-114,-254
179,-125,-261
197,-137,-255
217,-143,-265
220,-152,-264
220,-142,-248
220,-144,-248
217,-143,-235
216,-140,-238
185,-117,-227
149,-111,-235
114,-70,-218
82,-30,-198
67,29,-169
60,54,-119
71,99,-79
84,104,-58
101,107,-11
116,110,14
141,97,49
148,78,68
179,77,79
198,52,102
195,57,101
197,55,103
203,53,105
213,65,105
220,64,102
228,58,96
225,59,101
230,84,92
233,81,89
221,87,87
193,99,67
193,99,19
141,121,19
102,126,-52
81,101,-145
83,69,-205
112,29,-263
105,29,-263
146,-6,-302
187,-21,-311
215,-49,-319
248,-80,-328
256,-74,-326
261,-67,-329
254,-72,-324
245,-67,-329
224,-48,-322
200,-24,-316
148,10,-282
108,50,-232
85,85,-189
85,89,-149
72,102,-126
77,125,-93
82,112,-36
109,123,-11
124,112,18
154,102,50
181,97,75
198,72,86
209,75,91
239,35,105
259,19,117
292,10,110
310,4,114
321,5,111
321,4,116
337,3,109
339,15,101
338,28,102
314,60,90
281,99,87
240,134,53
214,152,30
183,167,-1
170,172,-6
148,162,-48
119,157,-83
106,134,-144
90,92,-188
113,49,-233
115,14,-260
137,-5,-283
143,-13,-283
168,-40,-298
190,-64,-308
216,-64,-310
236,-72,-326
229,-75,-319
232,-76,-322
224,-62,-314
227,-53,-319
227,-53,-334
225,-55,-329
231,-49,-325
237,-39,-329
255,-75,-341
269,-75,-339
277,-89,-335
284,-84,-338
252,-64,-340
205,-31,-329
193,-23,-295
144,0,-290
108,24,-254
99,49,-213
75,73,-169
76,100,-106
72,112,-80
97,119,-33
119,123,9
146,118,52
146,103,75
196,98,80
229,81,93
254,62,104
304,54,108
331,37,111
350,30,106
367,15,97
398,8,86
417,3,65
426,4,48
452,12,30
465,13,13
478,20,-6
480,38,-28
486,54,-44
488,46,-66
493,51,-57
493,61,-81
496,62,-100
498,64,-114
487,79,-135
489,67,-139
482,74,-138
486,64,-130
486,66,-136
486,66,-136
490,64,-134
486,66,-126
478,70,-112
464,86,-80
439,127,-43
380,164,-14
307,181,-5
246,188,-16
222,189,-31
176,180,-44
130,164,-68
96,132,-108
82,98,-148
82,34,-198
89,-1,-239
119,-17,-261
145,-35,-263
214,-44,-316
264,-60,-326
299,-59,-329
322,-64,-326
329,-45,-327
340,-30,-316
349,-17,-317
348,-6,-320
337,35,-315
295,47,-311
240,58,-304
240,82,-282
181,93,-257
133,95,-255
107,109,-211
89,115,-169
75,121,-137
80,114,-90
85,121,-63
101,117,-7
127,123,27
139,113,39
179,103,77
213,79,97
262,66,112
305,53,105
334,56,94
349,49,93
369,67,81
393,65,71
412,58,50
416,66,54
437,67,37
445,77,17
458,82,2
466,86,-18
476,86,-50
481,89,-57
473,101,-73
480,100,-94
481,103,-91
480,102,-104
483,89,-103
479,83,-109
494,82,-108
486,68,-120
489,55,-123
488,62,-138
493,47,-141
502,54,-144
493,51,-151
495,45,-155
488,34,-164
492,20,-158
494,14,-170
491,17,-165
494,20,-152
492,24,-130
499,27,-127
488,54,-104
482,64,-84
501,71,-75
476,66,-58
447,81,-19
431,101,9
385,129,17
318,160,30
263,190,8
203,185,-5
168,184,-50
127,173,-89
120,168,-100
98,126,-152
86,94,-178
87,53,-219
115,27,-253
132,-16,-280
162,-35,-299
178,-44,-310
191,-55,-305
220,-50,-334
232,-54,-324
241,-43,-335
236,-28,-330
238,-14,-338
216,6,-316
204,44,-300
182,58,-288
161,63,-263
128,86,-240
127,93,-233
111,115,-207
99,129,-169
91,135,-115
104,134,-78
104,130,-48
117,135,-17
121,121,19
140,120,30
160,110,64
188,96,90
207,71,87
207,71,87
236,50,98
265,43,111
300,34,110
343,31,107
371,33,97

Calibration complete:
	magXbias = 491.779
	magYbias = -1.804
	magZbias = -74.8

	magXscale = 1.137
	magYscale = 1.027
	magZscale = 0.872

Place above values in magCalVisualizer.py and magCalSlider.py
Recording additional 1000 data points to verify the calibration
Repeat random figure eight pattern and rotations...

128,128,-216
100,100,-224
89,59,-219
88,56,-220
73,1,-211
64,-52,-196
78,-78,-174
99,-131,-151
133,-173,-129
169,-195,-129
196,-210,-126
227,-209,-134
230,-208,-134
253,-211,-145
261,-223,-139
259,-223,-143
210,-210,-142
148,-186,-148
118,-142,-156
84,-88,-178
85,-45,-173
69,-29,-177
68,22,-188
73,75,-179
111,139,-171
135,172,-170
160,180,-139
175,193,-139
214,214,-102
265,213,-73
293,205,-69
320,200,-60
346,178,-40
357,177,-39
384,176,-58
400,167,-53
406,168,-61
420,154,-64
438,138,-72
443,133,-83
451,127,-97
468,114,-108
457,107,-119
466,104,-130
464,86,-136
463,117,-145
452,122,-145
419,151,-153
394,184,-162
346,198,-170
293,209,-189
250,200,-188
198,188,-198
145,147,-191
114,126,-188
116,114,-186
73,49,-169
73,13,-171
62,-26,-148
83,-75,-143
89,-105,-143
110,-138,-135
117,-139,-135
134,-160,-130
154,-174,-134
170,-182,-150
181,-183,-147
182,-192,-166
159,-169,-189
134,-136,-186
104,-84,-194
104,-84,-194
82,-4,-184
80,54,-180
93,113,-171
137,163,-171
171,195,-137
209,213,-131
248,220,-112
275,219,-99
310,216,-86
344,204,-84
357,193,-77
390,176,-76
405,157,-69
429,141,-65
436,138,-62
450,124,-64
463,109,-77
475,87,-83
480,72,-90
485,69,-87
481,53,-111
482,54,-112
478,52,-132
473,55,-137
470,72,-150
448,126,-158
409,163,-157
379,195,-175
343,199,-177
303,203,-195
259,213,-183
219,203,-181
172,178,-180
139,153,-181
139,122,-174
112,122,-181
91,83,-181
69,49,-183
66,18,-182
73,-13,-173
75,-51,-175
81,-87,-169
97,-111,-165
124,-142,-162
139,-168,-154
170,-176,-172
189,-189,-175
212,-188,-178
220,-190,-186
225,-185,-189
233,-185,-198
247,-183,-199
256,-184,-204
277,-189,-201
285,-191,-215
289,-197,-219
293,-193,-219
298,-202,-220
295,-197,-209
294,-210,-216
292,-210,-212
282,-216,-206
234,-198,-224
193,-167,-233
144,-122,-234
111,-79,-249
101,-37,-249
85,17,-245
95,69,-239
118,132,-206
142,166,-188
150,166,-188
204,204,-136
256,220,-92
304,212,-68
342,196,-46
388,172,-34
417,153,-35
446,120,-38
460,88,-40
460,88,-48
472,54,-50
482,32,-60
499,9,-81
501,-7,-97
499,-41,-113
485,-51,-135
488,-68,-142
475,-81,-157
474,-86,-164
475,-99,-188
465,-109,-205
457,-101,-229
463,-77,-227
473,-69,-225
477,-33,-207
468,8,-196
471,41,-203
462,88,-208
418,144,-224
366,170,-228
299,193,-223
238,196,-212
176,170,-204
115,121,-207
115,75,-197
88,68,-196
76,2,-184
87,-49,-183
98,-82,-190
134,-130,-190
168,-158,-206
196,-180,-198
246,-202,-190
275,-205,-185
304,-205,-179
340,-202,-178
365,-199,-171
367,-195,-165
407,-187,-157
426,-170,-160
430,-160,-158
441,-155,-159
456,-136,-174
452,-136,-186
445,-133,-211
437,-133,-217
427,-149,-221
387,-173,-225
359,-189,-203
355,-193,-211
336,-202,-218
303,-201,-211
247,-191,-215
195,-177,-221
149,-145,-227
113,-107,-219
103,-83,-221
79,-39,-223
85,-21,-221
77,15,-199
91,73,-205
106,106,-200
126,144,-184
156,176,-176
197,205,-167
197,205,-167
282,222,-124
284,219,-105
335,213,-101
375,197,-83
419,167,-73
450,134,-74
467,99,-73
480,76,-80
480,48,-78
493,49,-83
496,38,-84
501,17,-87
508,2,-100
500,-20,-102
502,-26,-106
502,-26,-119
495,-31,-119
501,-51,-129
492,-70,-140
490,-68,-148
485,-75,-145
488,-66,-148
485,-63,-153
486,-44,-166
494,4,-152
486,34,-154
469,83,-181
473,83,-181
438,130,-174
393,171,-181
344,196,-186
306,210,-180
238,208,-184
220,202,-194
186,184,-190
126,138,-196
96,96,-194
80,48,-190
69,-9,-187
67,-66,-182
83,-79,-177
106,-114,-184
142,-152,-184
165,-183,-185
206,-190,-178
239,-203,-175
269,-219,-169
286,-218,-172
304,-218,-160
316,-212,-162
328,-212,-160
320,-216,-158
326,-212,-152
320,-222,-162
306,-220,-170
280,-220,-189
243,-205,-203
220,-188,-216
185,-175,-219
180,-176,-222
164,-154,-226
128,-120,-230
104,-78,-232
92,-32,-234
91,23,-225
86,60,-222
98,70,-222
117,121,-199
145,169,-181
211,199,-175
242,224,-152
298,232,-138
342,218,-122
379,197,-121
420,168,-98
424,164,-92
445,139,-97
468,106,-98
483,73,-115
493,55,-109
495,37,-109
497,25,-111
498,-2,-106
505,-5,-109
501,-35,-113
497,-39,-127
502,-48,-126
489,-53,-131
496,-70,-146
486,-74,-150
492,-88,-154
480,-80,-158
481,-85,-161
479,-75,-167
478,-72,-164
482,-36,-154
487,-7,-149
497,19,-149
479,71,-151
466,106,-154
462,126,-154
437,135,-163
412,162,-160
375,187,-157
342,210,-170
269,209,-185
238,212,-174
167,185,-185
127,143,-189
96,112,-188
87,63,-197
72,28,-190
75,-1,-191
82,-50,-194
99,-81,-203
97,-114,-204
119,-135,-191
135,-155,-193
170,-184,-180
207,-211,-167
252,-218,-170
272,-212,-162
285,-215,-163
280,-222,-148
256,-216,-134
239,-219,-143
223,-209,-167
193,-189,-187
179,-179,-197
144,-146,-212
124,-112,-226
122,-110,-235
111,-63,-245
106,-24,-250
102,26,-264
124,90,-252
170,144,-250
211,179,-243
264,200,-206
298,202,-188
345,211,-153
387,193,-111
418,170,-72
442,140,-50
448,114,-40
458,90,-18
468,68,-26
464,60,-20
467,51,-11
475,43,-5
478,30,-8
478,32,-16
479,45,-23
483,27,-29
496,24,-48
488,18,-74
500,8,-84
496,30,-110
491,57,-127
486,80,-158
457,111,-197
429,123,-231
385,125,-271
345,131,-287
314,130,-294
265,125,-297
229,115,-305
182,104,-285
133,89,-263
104,58,-258
102,30,-238
96,-8,-210
98,-24,-205
103,-61,-205
119,-95,-187
136,-116,-184
143,-151,-169
160,-164,-170
143,-165,-147
144,-172,-128
139,-167,-129
127,-155,-111
108,-138,-108
107,-127,-119
86,-112,-128
67,-71,-133
64,-34,-160
68,246,-194
82,20,-228
96,60,-252
130,92,-272
167,129,-281
179,131,-265
229,171,-251
280,196,-192
317,215,-133
322,212,-64
363,191,-31
391,165,-27
419,137,-5
417,125,-5
439,105,-7
427,97,9
444,94,4
450,98,-4
445,79,-7
464,74,-12
465,56,-22
474,48,-42
487,31,-57
502,24,-74
500,16,-96
509,12,-128
499,9,-127
486,-8,-156
489,-5,-171
489,-1,-191
478,-2,-210
464,18,-216
451,55,-239
442,76,-248
409,113,-259
362,144,-250
303,179,-253
245,179,-249
207,167,-237
163,147,-217
135,123,-211
102,100,-196
99,85,-189
83,59,-157
73,29,-161
80,-16,-168
85,-41,-159
95,-81,-155
130,-116,-168
139,-139,-159
163,-157,-153
189,-181,-151
218,-206,-138
255,-201,-115
267,-209,-107
269,-222,-88
273,-221,-79
263,-213,-77
258,-216,-56
257,-219,-61
249,-209,-51
221,-207,-55
197,-207,-91
164,-196,-146
139,-145,-209
129,-103,-257
125,-73,-276
110,-10,-286
112,32,-274
124,86,-256
133,133,-231
140,152,-183
186,200,-168
228,210,-112
263,225,-71
307,209,-21
317,197,-15
354,176,14
382,146,24
400,122,50
416,98,32
440,72,30
447,57,31
453,43,17
472,24,0
473,19,-33
490,10,-46
501,31,-73
498,36,-94
488,44,-122
484,80,-138
472,86,-154
461,117,-175
451,132,-174
433,149,-179
434,152,-172
394,186,-178
333,201,-167
299,215,-169
256,218,-162
241,211,-167
203,201,-165
182,190,-156
139,157,-161
109,137,-167
97,111,-167
96,98,-174
80,74,-192
75,33,-193
80,-8,-212
80,-39,-221
98,-46,-220
107,-91,-213
119,-117,-213
144,-130,-210
167,-165,-189
183,-181,-177
189,-185,-163
194,-196,-168
181,-197,-153
185,-199,-137
163,-187,-143
155,-183,-137
152,-190,-134
147,-178,-120
160,-178,-120
147,-179,-145
113,-137,-165
89,-97,-195
82,-54,-202
74,-6,-196
71,58,-182
81,69,-177
79,107,-155
100,142,-134
126,170,-102
154,192,-72
170,198,-66
204,206,-40
242,206,-16
297,193,5
322,186,22
361,159,41
361,159,41
377,139,39
404,106,56
422,84,40
438,68,42
445,51,31
452,33,27
463,33,-2
473,29,-15
487,21,-21
486,30,-44
496,28,-70
495,41,-93
493,47,-107
490,66,-132
480,74,-140
481,90,-150
477,93,-161
467,101,-161
456,120,-164
431,155,-177
394,182,-210
362,182,-208
339,185,-217
304,194,-240
262,180,-248
221,169,-261
187,141,-265
154,122,-266
136,96,-256
115,69,-233
86,46,-208
85,17,-213
87,9,-213
84,-6,-196
86,-38,-182
94,-80,-186
111,-115,-175
141,-153,-157
171,-183,-145
195,-199,-127
195,-203,-121
216,-208,-109
238,-220,-114
235,-213,-115
239,-223,-115
245,-217,-135
231,-215,-137
265,-213,-153
277,-221,-169
282,-210,-176
284,-208,-200
275,-201,-219
247,-193,-217
231,-195,-223
207,-175,-249
161,-133,-251
129,-113,-239
93,-65,-235
81,-21,-223
65,17,-187
67,55,-167
65,73,-132
79,103,-113
104,132,-70
126,156,-30
164,160,12
204,160,32
244,150,60
267,143,69
292,138,74
323,129,83
320,140,82
339,129,75
361,133,67
391,125,51
398,126,44
408,120,40
419,107,17
423,135,5
427,137,-15
422,138,-28
436,144,-32
428,144,-48
420,168,-54
401,171,-69
372,202,-74
317,215,-71
263,223,-71
219,219,-93
174,202,-130
137,175,-143
137,175,-166
109,127,-179
104,120,-188
89,87,-187
79,55,-201
84,34,-214
76,-16,-210
92,-58,-214
121,-77,-217
150,-116,-240
180,-142,-251
199,-147,-253
203,-167,-231
234,-176,-222
235,-179,-229
228,-182,-224
220,-172,-232
214,-182,-234
203,-175,-237
190,-158,-244
170,-122,-262
136,-90,-256
110,-48,-252
94,-6,-234
75,47,-209
69,61,-163
80,98,-148
86,128,-110
111,151,-73
136,158,-26
171,167,5
199,153,29
233,149,57
262,138,56
272,144,68
302,144,59
327,131,57
353,129,55
374,120,46
398,126,42
403,121,13
425,103,13
443,103,3
448,106,-20
455,103,-23
450,104,-42
442,124,-48
416,156,-58
355,199,-97
305,219,-127
250,214,-163
218,192,-202
189,171,-231
179,163,-239
138,96,-272
119,51,-267
119,11,-259
113,-17,-251
118,-68,-238
123,-85,-221
124,-104,-206
121,-109,-197
105,-87,-205
86,-28,-202
78,-20,-194
86,104,-156
140,176,-78
176,192,-30
215,197,-9
245,173,39
246,150,70
259,129,77
263,105,93
264,92,92
238,76,98
240,68,96
243,59,97
222,52,86
223,37,89
240,36,82
240,34,87
239,47,87
279,123,67
299,167,37
302,198,6
296,224,-36
289,225,-83
277,229,-133
264,214,-154
241,211,-183
222,204,-194
201,173,-233
190,150,-252
150,120,-248
123,71,-269
125,57,-269
119,9,-255
99,-33,-225
89,-73,-197
101,-101,-189
121,-129,-179
128,-156,-156
152,-174,-156
180,-184,-140
215,-201,-151
231,-209,-149
222,-216,-142
190,-202,-158
157,-187,-167
95,-131,-183
77,-81,-192
64,2,-182
72,60,-184
82,110,-156
110,156,-130
122,158,-124
180,188,-86
206,194,-58
227,193,-31
256,204,-28
272,218,-28
279,217,-31
276,232,-50
269,227,-63
243,235,-83
225,224,-92
224,224,-92
187,209,-111
152,190,-126
111,137,-121
92,90,-132
65,23,-135
79,-41,-131
92,-92,-138
118,-136,-138
144,-162,-148
183,-183,-155
203,-199,-153
220,-204,-136
240,-214,-144
253,-225,-133
278,-222,-140
275,-227,-149
260,-216,-170
224,-200,-190
205,-160,-208
134,-142,-208
91,-85,-221
74,0,-222
76,44,-218
76,86,-194
128,166,-152
161,195,-111
205,205,-71
243,211,-55
265,207,-31
310,202,-18
349,189,-23
390,170,-16
395,171,-13
415,161,-19
435,149,-41
450,132,-50
452,124,-56
470,122,-82
468,131,-73
466,120,-82
466,112,-84
465,113,-103
463,121,-109
454,130,-104
441,143,-119
408,188,-120
408,188,-120
341,219,-103
329,213,-103
265,219,-103
205,203,-119
151,191,-115
114,142,-136
78,98,-146
64,52,-146
64,-232,-145
68,-16,-142
75,-65,-147
92,-110,-152
116,-144,-142
129,-161,-125
130,-168,-100
132,-162,-96
106,-140,-90
88,-101,-87
74,-92,-90
57,-63,-95
53,-45,-115
55,-17,-109
56,6,-134
57,15,-137
55,34,-152
60,44,-170
66,66,-184
62,62,-174
66,66,-150
62,58,-138
56,38,-126
50,16,-110
54,-2,-102
56,-4,-104
63,-33,-113
60,-40,-118
80,-72,-130
96,-82,-142
88,-86,-150
101,-103,-167
114,-92,-172
96,-76,-156
83,-91,-155
91,-91,-165
85,-87,-159
72,-72,-148
73,-73,-165
75,-77,-175
75,-89,-163
84,-104,-154
91,-127,-129
80,-122,-110
81,-101,-87
79,-97,-71
73,-73,-65
69,-59,-51
65,-31,-51
50,-26,-58
55,-1,-71
57,7,-83
48,0,-102
56,-2,-120
59,-5,-121
62,6,-124
62,6,-117
59,13,-113
58,12,-102
59,5,-83
70,8,-78
63,-1,-71
59,-5,-71
69,15,-69
67,35,-59
67,27,-65
67,24,-72
60,24,-72
74,56,-72
71,73,-77
76,82,-80
82,94,-68
83,99,-71
79,81,-61
85,67,-69
68,44,-76
56,24,-94
60,8,-112
62,-14,-126
64,-30,-150
67,-49,-163
80,-56,-182
93,-65,-199
83,-77,-215
97,-79,-225
105,-87,-219
88,-92,-218
102,-96,-218
100,-104,-210
96,-118,-196
103,-137,-173
103,-130,-166
91,-125,-145
90,-116,-146
86,-116,-138
70,-98,-122
63,-81,-111
64,-74,-89
59,-69,-81
66,-70,-78
63,-69,-93
63,-65,-107
64,-54,-88
59,-53,-69
62,-46,-78
56,-32,-100
52,-49,-95
70,-58,-89
70,-50,-80
70,-48,-68
63,-59,-67
64,-63,-65
69,-59,-53
68,-52,-54
59,-27,-59
63,-41,-63
63,-29,-61
65,-21,-54
65,-15,-49
75,-5,-31
77,21,-33
68,32,-38
81,47,-48
77,49,-53
79,59,-69
80,72,-70
71,85,-75
75,89,-69
79,87,-69
80,80,-48
83,73,-17
96,42,30
79,29,29
83,21,41
80,20,36
80,8,30
68,-2,14
55,-15,-4
61,-31,-1
67,-13,-19
68,-32,-56
68,-38,-56
64,-24,-68
58,-32,-82
52,-22,-78
60,-22,-58
67,-11,-25
67,-29,-3
90,-36,-6
114,-44,38
135,-35,45
147,-21,61
152,-12,66
167,-13,81
138,-4,64
122,2,42
114,6,40
99,-7,23
105,-19,11
97,-7,19
94,-10,18
99,-17,11
92,-38,-2
88,-64,-8
91,-83,-39
79,-79,-71
89,-71,-87
85,-64,-72
84,-56,-82
72,-44,-96
75,-37,-95
73,-29,-117
73,-39,-121
59,-23,-131
63,-15,-133
54,-16,-134
70,-12,-142

Copy the raw values into data.txt
Run magCalVisualizer.py and magCalSlider.py to validate calibration success
See the README for more information
Also compare the second calibration to the first:
	magXbias = 500.77
	magYbias = 12.628
	magZbias = -180.041

	magXscale = 0.97
	magYscale = 0.936
	magZscale = 1.11

Terminating program now!
